[2020-04-13 11:24:09] base.DEBUG: [route] /users {"method":"POST","email":"teste@teste.com"} []
[2020-04-13 11:27:06] base.DEBUG: [route] /users {"method":"POST","email":"teste@teste.com"} []
[2020-04-13 11:27:17] base.DEBUG: [route] /users {"method":"POST","email":"teste@teste.com"} []
[2020-04-13 11:27:17] base.ERROR:  {"errorId":1064,"message":"You have an error in your SQL syntax; check the manual that corresponds to your MySQL server version for the right syntax to use near ''teste@teste.com', pass, 'e10adc3949ba59abbe56e057f20f883e', level, '0') VALUES ' at line 1"} []
[2020-04-13 11:27:43] base.DEBUG: [route] /users {"method":"POST","email":"teste@teste.com"} []
[2020-04-13 11:27:43] base.ERROR:  {"errorId":1064,"message":"You have an error in your SQL syntax; check the manual that corresponds to your MySQL server version for the right syntax to use near ''teste@teste.com', pass, 'e10adc3949ba59abbe56e057f20f883e', level, '0') VALUES ' at line 1"} []
[2020-04-13 11:28:03] base.DEBUG: [route] /users {"method":"POST","email":"teste@teste.com"} []
[2020-04-13 11:28:03] base.DEBUG:  {"error":"Connection error, please try later."} []
[2020-04-13 11:29:46] base.DEBUG: [route] /users {"method":"POST","email":"teste@teste.com"} []
[2020-04-13 11:29:46] base.ERROR:  {"errorId":1062,"message":"Duplicate entry 'teste@teste.com' for key 'email_UNIQUE'"} []
[2020-04-13 11:29:56] base.DEBUG: [route] /users {"method":"POST","email":"teste2@teste.com"} []
[2020-04-13 11:29:56] base.DEBUG:  {"error":"Connection error, please try later."} []
[2020-04-13 11:30:32] base.DEBUG: [route] /users {"method":"POST","email":"teste2@teste.com"} []
[2020-04-13 11:30:33] base.ERROR:  {"errorId":1062,"message":"Duplicate entry 'teste2@teste.com' for key 'email_UNIQUE'"} []
[2020-04-13 11:30:39] base.DEBUG: [route] /users {"method":"POST","email":"teste3@teste.com"} []
[2020-04-13 11:31:15] base.DEBUG: [route] /users {"method":"POST","email":"teste3@teste.com"} []
[2020-04-13 11:31:15] base.ERROR:  {"errorId":1062,"message":"Duplicate entry 'teste3@teste.com' for key 'email_UNIQUE'"} []
[2020-04-13 11:31:21] base.DEBUG: [route] /users {"method":"POST","email":"teste4@teste.com"} []
[2020-04-13 12:07:14] base.DEBUG: [route] /users {"method":"POST","email":"teste@teste.com"} []
[2020-04-13 12:07:14] base.ERROR: [model] users.add {"errorId":1062,"message":"Duplicate entry 'teste@teste.com' for key 'email_UNIQUE'"} []
[2020-04-13 12:07:18] base.DEBUG: [route] /users {"method":"POST","email":"teste2@teste.com"} []
[2020-04-13 12:07:18] base.ERROR: [model] users.add {"errorId":1062,"message":"Duplicate entry 'teste2@teste.com' for key 'email_UNIQUE'"} []
[2020-04-13 12:07:24] base.DEBUG: [route] /users {"method":"POST","email":"teste3@teste.com"} []
[2020-04-13 12:07:24] base.ERROR: [model] users.add {"errorId":1062,"message":"Duplicate entry 'teste3@teste.com' for key 'email_UNIQUE'"} []
[2020-04-13 12:07:30] base.DEBUG: [route] /users {"method":"POST","email":"teste4@teste.com"} []
[2020-04-13 12:07:30] base.ERROR: [model] users.add {"errorId":1062,"message":"Duplicate entry 'teste4@teste.com' for key 'email_UNIQUE'"} []
[2020-04-13 12:07:33] base.DEBUG: [route] /users {"method":"POST","email":"teste5@teste.com"} []
[2020-04-13 12:18:01] base.DEBUG: [route] /users {"method":"POST","email":"teste5@teste.com"} []
[2020-04-13 12:18:01] base.ERROR: [model] users.add {"errorId":1062,"message":"Duplicate entry 'teste5@teste.com' for key 'email_UNIQUE'"} []
[2020-04-13 12:18:07] base.DEBUG: [route] /users {"method":"POST","email":"teste6@teste.com"} []
[2020-04-13 12:18:38] base.DEBUG: [route] /users {"method":"POST","email":"teste7@teste.com"} []
[2020-04-13 12:22:05] base.DEBUG: [route] /users {"method":"POST","email":"teste8@teste.com"} []
[2020-04-13 12:22:50] base.DEBUG: [route] /users {"method":"POST","email":"teste8@teste.com"} []
[2020-04-13 12:22:50] base.ERROR: [model] users.add {"errorId":1062,"message":"Duplicate entry 'teste8@teste.com' for key 'email_UNIQUE'"} []
[2020-04-13 12:22:55] base.DEBUG: [route] /users {"method":"POST","email":"teste9@teste.com"} []
[2020-04-13 12:23:22] base.DEBUG: [route] /users {"method":"POST","email":"teste10@teste.com"} []
[2020-04-13 12:23:40] base.DEBUG: [route] /users {"method":"POST","email":"teste11@teste.com"} []
[2020-04-13 12:24:45] base.DEBUG: [route] /users {"method":"POST","email":"teste12@teste.com"} []
[2020-04-13 12:24:45] base.DEBUG: [model] users.getById {"0":{"userId":"21","email":"teste12@teste.com","pass":"e10adc3949ba59abbe56e057f20f883e","level":"0"},"userId":"21"} []
[2020-04-13 12:24:45] base.DEBUG: [model] users.add [{"userId":"21","email":"teste12@teste.com","pass":"e10adc3949ba59abbe56e057f20f883e","level":"0"}] []
[2020-04-13 12:24:54] base.DEBUG: [route] /users {"method":"POST","email":"teste12@teste.com"} []
[2020-04-13 12:24:54] base.ERROR: [model] users.add {"errorId":1062,"message":"Duplicate entry 'teste12@teste.com' for key 'email_UNIQUE'"} []
[2020-04-13 12:24:58] base.DEBUG: [route] /users {"method":"POST","email":"teste13@teste.com"} []
[2020-04-13 12:24:58] base.DEBUG: [model] users.getById {"0":{"userId":"23","email":"teste13@teste.com","pass":"e10adc3949ba59abbe56e057f20f883e","level":"2"},"userId":"23"} []
[2020-04-13 12:24:58] base.DEBUG: [model] users.add [{"userId":"23","email":"teste13@teste.com","pass":"e10adc3949ba59abbe56e057f20f883e","level":"2"}] []
[2020-04-13 12:32:47] base.DEBUG: [route] /users {"method":"POST","email":"teste13@teste.com"} []
[2020-04-13 12:32:47] base.ERROR: [model] users.add {"errorId":1062,"message":"Duplicate entry 'teste13@teste.com' for key 'email_UNIQUE'"} []
[2020-04-13 12:32:53] base.DEBUG: [route] /users {"method":"POST","email":"teste14@teste.com"} []
[2020-04-13 12:32:53] base.DEBUG: [model] users.getById {"0":{"userId":"25","email":"teste14@teste.com","pass":"e10adc3949ba59abbe56e057f20f883e","level":"0"},"userId":"25"} []
[2020-04-13 12:32:53] base.DEBUG: [model] users.add [{"userId":"25","email":"teste14@teste.com","pass":"e10adc3949ba59abbe56e057f20f883e","level":"0"}] []
[2020-04-13 12:39:31] base.DEBUG: [model] users.getList [{"userId":"1","email":"teste@teste.com","pass":"e10adc3949ba59abbe56e057f20f883e","level":"0"},{"userId":"3","email":"teste2@teste.com","pass":"e10adc3949ba59abbe56e057f20f883e","level":"0"},{"userId":"5","email":"teste3@teste.com","pass":"e10adc3949ba59abbe56e057f20f883e","level":"0"},{"userId":"7","email":"teste4@teste.com","pass":"e10adc3949ba59abbe56e057f20f883e","level":"0"},{"userId":"12","email":"teste5@teste.com","pass":"e10adc3949ba59abbe56e057f20f883e","level":"0"},{"userId":"14","email":"teste6@teste.com","pass":"e10adc3949ba59abbe56e057f20f883e","level":"0"},{"userId":"15","email":"teste7@teste.com","pass":"e10adc3949ba59abbe56e057f20f883e","level":"0"},{"userId":"16","email":"teste8@teste.com","pass":"e10adc3949ba59abbe56e057f20f883e","level":"0"},{"userId":"18","email":"teste9@teste.com","pass":"e10adc3949ba59abbe56e057f20f883e","level":"0"},{"userId":"19","email":"teste10@teste.com","pass":"e10adc3949ba59abbe56e057f20f883e","level":"0"},{"userId":"20","email":"teste11@teste.com","pass":"e10adc3949ba59abbe56e057f20f883e","level":"0"},{"userId":"21","email":"teste12@teste.com","pass":"e10adc3949ba59abbe56e057f20f883e","level":"0"},{"userId":"23","email":"teste13@teste.com","pass":"e10adc3949ba59abbe56e057f20f883e","level":"2"},{"userId":"25","email":"teste14@teste.com","pass":"e10adc3949ba59abbe56e057f20f883e","level":"0"}] []
[2020-04-13 12:45:12] base.DEBUG: [model] users.getList [{"userId":"1","email":"teste@teste.com","pass":"e10adc3949ba59abbe56e057f20f883e","level":"0"},{"userId":"3","email":"teste2@teste.com","pass":"e10adc3949ba59abbe56e057f20f883e","level":"0"},{"userId":"5","email":"teste3@teste.com","pass":"e10adc3949ba59abbe56e057f20f883e","level":"0"},{"userId":"7","email":"teste4@teste.com","pass":"e10adc3949ba59abbe56e057f20f883e","level":"0"},{"userId":"12","email":"teste5@teste.com","pass":"e10adc3949ba59abbe56e057f20f883e","level":"0"},{"userId":"14","email":"teste6@teste.com","pass":"e10adc3949ba59abbe56e057f20f883e","level":"0"},{"userId":"15","email":"teste7@teste.com","pass":"e10adc3949ba59abbe56e057f20f883e","level":"0"},{"userId":"16","email":"teste8@teste.com","pass":"e10adc3949ba59abbe56e057f20f883e","level":"0"},{"userId":"18","email":"teste9@teste.com","pass":"e10adc3949ba59abbe56e057f20f883e","level":"0"},{"userId":"19","email":"teste10@teste.com","pass":"e10adc3949ba59abbe56e057f20f883e","level":"0"},{"userId":"20","email":"teste11@teste.com","pass":"e10adc3949ba59abbe56e057f20f883e","level":"0"},{"userId":"21","email":"teste12@teste.com","pass":"e10adc3949ba59abbe56e057f20f883e","level":"0"},{"userId":"23","email":"teste13@teste.com","pass":"e10adc3949ba59abbe56e057f20f883e","level":"2"},{"userId":"25","email":"teste14@teste.com","pass":"e10adc3949ba59abbe56e057f20f883e","level":"0"}] []
[2020-04-13 12:45:18] base.DEBUG: [model] users.getById {"userId":"1","email":"teste@teste.com","pass":"e10adc3949ba59abbe56e057f20f883e","level":"0"} []
